<?xml version="1.0" encoding="UTF-8"?>
<testsuite name="chip8.AppTest" tests="1" skipped="0" failures="0" errors="0" timestamp="2019-09-18T17:39:33" hostname="soul-release.local" time="0.096">
  <properties/>
  <testcase name="application has a greeting" classname="chip8.AppTest" time="0.096"/>
  <system-out><![CDATA[]]></system-out>
  <system-err><![CDATA[]]></system-err>
</testsuite>
